Build started 10/22/2014 8:12:23 PM.
     1>Project "C:\Users\cusimanone1\Documents\Grove City College\Fall 2014\Comp 322 Obj Oriented Adv Prog\Ants 4.0\AntSim\ANTSIM\AntSim.vcxproj" on node 2 (Build target(s)).
     1>ClCompile:
         C:\Program Files (x86)\Microsoft Visual Studio 11.0\VC\bin\CL.exe /c /I"C:\Program Files (x86)\Microsoft DirectX SDK (June 2010)\\Include" /ZI /nologo /W3 /WX- /Od /Oy- /D _MBCS /Gm /EHsc /RTC1 /MDd /GS /fp:precise /Zc:wchar_t /Zc:forScope /Fo"Debug\\" /Fd"Debug\vc110.pdb" /Gd /TP /analyze- /errorReport:prompt Actor.cpp ant.cpp antSim.cpp audio.cpp colony.cpp constants.cpp food.cpp game.cpp graphics.cpp image.cpp input.cpp mouse.cpp pheromone.cpp Queen.cpp textDX.cpp textureManager.cpp winmain.cpp
         winmain.cpp
     1>c:\users\cusimanone1\documents\grove city college\fall 2014\comp 322 obj oriented adv prog\ants 4.0\antsim\antsim\image.h(60): warning C4244: 'return' : conversion from 'float' to 'int', possible loss of data
     1>c:\users\cusimanone1\documents\grove city college\fall 2014\comp 322 obj oriented adv prog\ants 4.0\antsim\antsim\image.h(63): warning C4244: 'return' : conversion from 'float' to 'int', possible loss of data
     1>c:\users\cusimanone1\documents\grove city college\fall 2014\comp 322 obj oriented adv prog\ants 4.0\antsim\antsim\ant.h(13): warning C4244: 'initializing' : conversion from 'double' to 'const float', possible loss of data
     1>c:\users\cusimanone1\documents\grove city college\fall 2014\comp 322 obj oriented adv prog\ants 4.0\antsim\antsim\ant.h(14): warning C4244: 'initializing' : conversion from 'double' to 'const float', possible loss of data
     1>c:\users\cusimanone1\documents\grove city college\fall 2014\comp 322 obj oriented adv prog\ants 4.0\antsim\antsim\antsim.h(98): warning C4244: 'return' : conversion from 'float' to 'int', possible loss of data
     1>c:\users\cusimanone1\documents\grove city college\fall 2014\comp 322 obj oriented adv prog\ants 4.0\antsim\antsim\antsim.h(99): warning C4244: 'return' : conversion from 'float' to 'int', possible loss of data
     1>c:\users\cusimanone1\documents\grove city college\fall 2014\comp 322 obj oriented adv prog\ants 4.0\antsim\antsim\antsim.h(101): warning C4244: 'return' : conversion from 'float' to 'int', possible loss of data
     1>c:\users\cusimanone1\documents\grove city college\fall 2014\comp 322 obj oriented adv prog\ants 4.0\antsim\antsim\antsim.h(102): warning C4244: 'return' : conversion from 'float' to 'int', possible loss of data
         textureManager.cpp
         textDX.cpp
         Queen.cpp
     1>c:\users\cusimanone1\documents\grove city college\fall 2014\comp 322 obj oriented adv prog\ants 4.0\antsim\antsim\image.h(60): warning C4244: 'return' : conversion from 'float' to 'int', possible loss of data
     1>c:\users\cusimanone1\documents\grove city college\fall 2014\comp 322 obj oriented adv prog\ants 4.0\antsim\antsim\image.h(63): warning C4244: 'return' : conversion from 'float' to 'int', possible loss of data
     1>c:\users\cusimanone1\documents\grove city college\fall 2014\comp 322 obj oriented adv prog\ants 4.0\antsim\antsim\ant.h(13): warning C4244: 'initializing' : conversion from 'double' to 'const float', possible loss of data
     1>c:\users\cusimanone1\documents\grove city college\fall 2014\comp 322 obj oriented adv prog\ants 4.0\antsim\antsim\ant.h(14): warning C4244: 'initializing' : conversion from 'double' to 'const float', possible loss of data
     1>c:\users\cusimanone1\documents\grove city college\fall 2014\comp 322 obj oriented adv prog\ants 4.0\antsim\antsim\antsim.h(98): warning C4244: 'return' : conversion from 'float' to 'int', possible loss of data
     1>c:\users\cusimanone1\documents\grove city college\fall 2014\comp 322 obj oriented adv prog\ants 4.0\antsim\antsim\antsim.h(99): warning C4244: 'return' : conversion from 'float' to 'int', possible loss of data
     1>c:\users\cusimanone1\documents\grove city college\fall 2014\comp 322 obj oriented adv prog\ants 4.0\antsim\antsim\antsim.h(101): warning C4244: 'return' : conversion from 'float' to 'int', possible loss of data
     1>c:\users\cusimanone1\documents\grove city college\fall 2014\comp 322 obj oriented adv prog\ants 4.0\antsim\antsim\antsim.h(102): warning C4244: 'return' : conversion from 'float' to 'int', possible loss of data
     1>c:\users\cusimanone1\documents\grove city college\fall 2014\comp 322 obj oriented adv prog\ants 4.0\antsim\antsim\queen.cpp(8): warning C4101: 'world' : unreferenced local variable
         pheromone.cpp
     1>c:\users\cusimanone1\documents\grove city college\fall 2014\comp 322 obj oriented adv prog\ants 4.0\antsim\antsim\image.h(60): warning C4244: 'return' : conversion from 'float' to 'int', possible loss of data
     1>c:\users\cusimanone1\documents\grove city college\fall 2014\comp 322 obj oriented adv prog\ants 4.0\antsim\antsim\image.h(63): warning C4244: 'return' : conversion from 'float' to 'int', possible loss of data
     1>c:\users\cusimanone1\documents\grove city college\fall 2014\comp 322 obj oriented adv prog\ants 4.0\antsim\antsim\pheromone.cpp(53): warning C4244: '=' : conversion from 'int' to 'float', possible loss of data
         mouse.cpp
     1>c:\users\cusimanone1\documents\grove city college\fall 2014\comp 322 obj oriented adv prog\ants 4.0\antsim\antsim\image.h(60): warning C4244: 'return' : conversion from 'float' to 'int', possible loss of data
     1>c:\users\cusimanone1\documents\grove city college\fall 2014\comp 322 obj oriented adv prog\ants 4.0\antsim\antsim\image.h(63): warning C4244: 'return' : conversion from 'float' to 'int', possible loss of data
     1>c:\users\cusimanone1\documents\grove city college\fall 2014\comp 322 obj oriented adv prog\ants 4.0\antsim\antsim\ant.h(13): warning C4244: 'initializing' : conversion from 'double' to 'const float', possible loss of data
     1>c:\users\cusimanone1\documents\grove city college\fall 2014\comp 322 obj oriented adv prog\ants 4.0\antsim\antsim\ant.h(14): warning C4244: 'initializing' : conversion from 'double' to 'const float', possible loss of data
     1>c:\users\cusimanone1\documents\grove city college\fall 2014\comp 322 obj oriented adv prog\ants 4.0\antsim\antsim\mouse.cpp(28): warning C4244: 'argument' : conversion from 'int' to 'float', possible loss of data
     1>c:\users\cusimanone1\documents\grove city college\fall 2014\comp 322 obj oriented adv prog\ants 4.0\antsim\antsim\mouse.cpp(29): warning C4244: 'argument' : conversion from 'int' to 'float', possible loss of data
     1>c:\users\cusimanone1\documents\grove city college\fall 2014\comp 322 obj oriented adv prog\ants 4.0\antsim\antsim\mouse.cpp(97): warning C4244: 'argument' : conversion from 'int' to 'float', possible loss of data
     1>c:\users\cusimanone1\documents\grove city college\fall 2014\comp 322 obj oriented adv prog\ants 4.0\antsim\antsim\mouse.cpp(98): warning C4244: 'argument' : conversion from 'int' to 'float', possible loss of data
     1>c:\users\cusimanone1\documents\grove city college\fall 2014\comp 322 obj oriented adv prog\ants 4.0\antsim\antsim\mouse.cpp(100): warning C4018: '<' : signed/unsigned mismatch
     1>c:\users\cusimanone1\documents\grove city college\fall 2014\comp 322 obj oriented adv prog\ants 4.0\antsim\antsim\mouse.cpp(103): warning C4244: 'argument' : conversion from 'FLOAT' to 'int', possible loss of data
         input.cpp
         image.cpp
     1>c:\users\cusimanone1\documents\grove city college\fall 2014\comp 322 obj oriented adv prog\ants 4.0\antsim\antsim\image.h(60): warning C4244: 'return' : conversion from 'float' to 'int', possible loss of data
     1>c:\users\cusimanone1\documents\grove city college\fall 2014\comp 322 obj oriented adv prog\ants 4.0\antsim\antsim\image.h(63): warning C4244: 'return' : conversion from 'float' to 'int', possible loss of data
         graphics.cpp
         game.cpp
     1>c:\users\cusimanone1\documents\grove city college\fall 2014\comp 322 obj oriented adv prog\ants 4.0\antsim\antsim\image.h(60): warning C4244: 'return' : conversion from 'float' to 'int', possible loss of data
     1>c:\users\cusimanone1\documents\grove city college\fall 2014\comp 322 obj oriented adv prog\ants 4.0\antsim\antsim\image.h(63): warning C4244: 'return' : conversion from 'float' to 'int', possible loss of data
         food.cpp
     1>c:\users\cusimanone1\documents\grove city college\fall 2014\comp 322 obj oriented adv prog\ants 4.0\antsim\antsim\image.h(60): warning C4244: 'return' : conversion from 'float' to 'int', possible loss of data
     1>c:\users\cusimanone1\documents\grove city college\fall 2014\comp 322 obj oriented adv prog\ants 4.0\antsim\antsim\image.h(63): warning C4244: 'return' : conversion from 'float' to 'int', possible loss of data
     1>c:\users\cusimanone1\documents\grove city college\fall 2014\comp 322 obj oriented adv prog\ants 4.0\antsim\antsim\ant.h(13): warning C4244: 'initializing' : conversion from 'double' to 'const float', possible loss of data
     1>c:\users\cusimanone1\documents\grove city college\fall 2014\comp 322 obj oriented adv prog\ants 4.0\antsim\antsim\ant.h(14): warning C4244: 'initializing' : conversion from 'double' to 'const float', possible loss of data
     1>c:\users\cusimanone1\documents\grove city college\fall 2014\comp 322 obj oriented adv prog\ants 4.0\antsim\antsim\antsim.h(98): warning C4244: 'return' : conversion from 'float' to 'int', possible loss of data
     1>c:\users\cusimanone1\documents\grove city college\fall 2014\comp 322 obj oriented adv prog\ants 4.0\antsim\antsim\antsim.h(99): warning C4244: 'return' : conversion from 'float' to 'int', possible loss of data
     1>c:\users\cusimanone1\documents\grove city college\fall 2014\comp 322 obj oriented adv prog\ants 4.0\antsim\antsim\antsim.h(101): warning C4244: 'return' : conversion from 'float' to 'int', possible loss of data
     1>c:\users\cusimanone1\documents\grove city college\fall 2014\comp 322 obj oriented adv prog\ants 4.0\antsim\antsim\antsim.h(102): warning C4244: 'return' : conversion from 'float' to 'int', possible loss of data
         constants.cpp
         colony.cpp
     1>c:\users\cusimanone1\documents\grove city college\fall 2014\comp 322 obj oriented adv prog\ants 4.0\antsim\antsim\image.h(60): warning C4244: 'return' : conversion from 'float' to 'int', possible loss of data
     1>c:\users\cusimanone1\documents\grove city college\fall 2014\comp 322 obj oriented adv prog\ants 4.0\antsim\antsim\image.h(63): warning C4244: 'return' : conversion from 'float' to 'int', possible loss of data
     1>c:\users\cusimanone1\documents\grove city college\fall 2014\comp 322 obj oriented adv prog\ants 4.0\antsim\antsim\ant.h(13): warning C4244: 'initializing' : conversion from 'double' to 'const float', possible loss of data
     1>c:\users\cusimanone1\documents\grove city college\fall 2014\comp 322 obj oriented adv prog\ants 4.0\antsim\antsim\ant.h(14): warning C4244: 'initializing' : conversion from 'double' to 'const float', possible loss of data
     1>c:\users\cusimanone1\documents\grove city college\fall 2014\comp 322 obj oriented adv prog\ants 4.0\antsim\antsim\antsim.h(98): warning C4244: 'return' : conversion from 'float' to 'int', possible loss of data
     1>c:\users\cusimanone1\documents\grove city college\fall 2014\comp 322 obj oriented adv prog\ants 4.0\antsim\antsim\antsim.h(99): warning C4244: 'return' : conversion from 'float' to 'int', possible loss of data
     1>c:\users\cusimanone1\documents\grove city college\fall 2014\comp 322 obj oriented adv prog\ants 4.0\antsim\antsim\antsim.h(101): warning C4244: 'return' : conversion from 'float' to 'int', possible loss of data
     1>c:\users\cusimanone1\documents\grove city college\fall 2014\comp 322 obj oriented adv prog\ants 4.0\antsim\antsim\antsim.h(102): warning C4244: 'return' : conversion from 'float' to 'int', possible loss of data
         audio.cpp
         antSim.cpp
     1>c:\users\cusimanone1\documents\grove city college\fall 2014\comp 322 obj oriented adv prog\ants 4.0\antsim\antsim\image.h(60): warning C4244: 'return' : conversion from 'float' to 'int', possible loss of data
     1>c:\users\cusimanone1\documents\grove city college\fall 2014\comp 322 obj oriented adv prog\ants 4.0\antsim\antsim\image.h(63): warning C4244: 'return' : conversion from 'float' to 'int', possible loss of data
     1>c:\users\cusimanone1\documents\grove city college\fall 2014\comp 322 obj oriented adv prog\ants 4.0\antsim\antsim\ant.h(13): warning C4244: 'initializing' : conversion from 'double' to 'const float', possible loss of data
     1>c:\users\cusimanone1\documents\grove city college\fall 2014\comp 322 obj oriented adv prog\ants 4.0\antsim\antsim\ant.h(14): warning C4244: 'initializing' : conversion from 'double' to 'const float', possible loss of data
     1>c:\users\cusimanone1\documents\grove city college\fall 2014\comp 322 obj oriented adv prog\ants 4.0\antsim\antsim\antsim.h(98): warning C4244: 'return' : conversion from 'float' to 'int', possible loss of data
     1>c:\users\cusimanone1\documents\grove city college\fall 2014\comp 322 obj oriented adv prog\ants 4.0\antsim\antsim\antsim.h(99): warning C4244: 'return' : conversion from 'float' to 'int', possible loss of data
     1>c:\users\cusimanone1\documents\grove city college\fall 2014\comp 322 obj oriented adv prog\ants 4.0\antsim\antsim\antsim.h(101): warning C4244: 'return' : conversion from 'float' to 'int', possible loss of data
     1>c:\users\cusimanone1\documents\grove city college\fall 2014\comp 322 obj oriented adv prog\ants 4.0\antsim\antsim\antsim.h(102): warning C4244: 'return' : conversion from 'float' to 'int', possible loss of data
     1>c:\users\cusimanone1\documents\grove city college\fall 2014\comp 322 obj oriented adv prog\ants 4.0\antsim\antsim\antsim.cpp(120): warning C4244: 'argument' : conversion from 'int' to 'FLOAT', possible loss of data
     1>c:\users\cusimanone1\documents\grove city college\fall 2014\comp 322 obj oriented adv prog\ants 4.0\antsim\antsim\antsim.cpp(216): warning C4244: 'argument' : conversion from 'float' to 'int', possible loss of data
     1>c:\users\cusimanone1\documents\grove city college\fall 2014\comp 322 obj oriented adv prog\ants 4.0\antsim\antsim\antsim.cpp(366): warning C4244: 'initializing' : conversion from 'float' to 'int', possible loss of data
     1>c:\users\cusimanone1\documents\grove city college\fall 2014\comp 322 obj oriented adv prog\ants 4.0\antsim\antsim\antsim.cpp(367): warning C4244: 'initializing' : conversion from 'float' to 'int', possible loss of data
     1>c:\users\cusimanone1\documents\grove city college\fall 2014\comp 322 obj oriented adv prog\ants 4.0\antsim\antsim\antsim.cpp(368): warning C4244: 'initializing' : conversion from 'float' to 'int', possible loss of data
     1>c:\users\cusimanone1\documents\grove city college\fall 2014\comp 322 obj oriented adv prog\ants 4.0\antsim\antsim\antsim.cpp(369): warning C4244: 'initializing' : conversion from 'float' to 'int', possible loss of data
     1>c:\users\cusimanone1\documents\grove city college\fall 2014\comp 322 obj oriented adv prog\ants 4.0\antsim\antsim\antsim.cpp(383): warning C4244: 'initializing' : conversion from 'float' to 'int', possible loss of data
     1>c:\users\cusimanone1\documents\grove city college\fall 2014\comp 322 obj oriented adv prog\ants 4.0\antsim\antsim\antsim.cpp(384): warning C4244: 'initializing' : conversion from 'float' to 'int', possible loss of data
     1>c:\users\cusimanone1\documents\grove city college\fall 2014\comp 322 obj oriented adv prog\ants 4.0\antsim\antsim\antsim.cpp(385): warning C4244: 'initializing' : conversion from 'float' to 'int', possible loss of data
     1>c:\users\cusimanone1\documents\grove city college\fall 2014\comp 322 obj oriented adv prog\ants 4.0\antsim\antsim\antsim.cpp(386): warning C4244: 'initializing' : conversion from 'float' to 'int', possible loss of data
         ant.cpp
     1>c:\users\cusimanone1\documents\grove city college\fall 2014\comp 322 obj oriented adv prog\ants 4.0\antsim\antsim\image.h(60): warning C4244: 'return' : conversion from 'float' to 'int', possible loss of data
     1>c:\users\cusimanone1\documents\grove city college\fall 2014\comp 322 obj oriented adv prog\ants 4.0\antsim\antsim\image.h(63): warning C4244: 'return' : conversion from 'float' to 'int', possible loss of data
     1>c:\users\cusimanone1\documents\grove city college\fall 2014\comp 322 obj oriented adv prog\ants 4.0\antsim\antsim\ant.h(13): warning C4244: 'initializing' : conversion from 'double' to 'const float', possible loss of data
     1>c:\users\cusimanone1\documents\grove city college\fall 2014\comp 322 obj oriented adv prog\ants 4.0\antsim\antsim\ant.h(14): warning C4244: 'initializing' : conversion from 'double' to 'const float', possible loss of data
     1>c:\users\cusimanone1\documents\grove city college\fall 2014\comp 322 obj oriented adv prog\ants 4.0\antsim\antsim\antsim.h(98): warning C4244: 'return' : conversion from 'float' to 'int', possible loss of data
     1>c:\users\cusimanone1\documents\grove city college\fall 2014\comp 322 obj oriented adv prog\ants 4.0\antsim\antsim\antsim.h(99): warning C4244: 'return' : conversion from 'float' to 'int', possible loss of data
     1>c:\users\cusimanone1\documents\grove city college\fall 2014\comp 322 obj oriented adv prog\ants 4.0\antsim\antsim\antsim.h(101): warning C4244: 'return' : conversion from 'float' to 'int', possible loss of data
     1>c:\users\cusimanone1\documents\grove city college\fall 2014\comp 322 obj oriented adv prog\ants 4.0\antsim\antsim\antsim.h(102): warning C4244: 'return' : conversion from 'float' to 'int', possible loss of data
     1>c:\users\cusimanone1\documents\grove city college\fall 2014\comp 322 obj oriented adv prog\ants 4.0\antsim\antsim\ant.cpp(29): warning C4244: 'initializing' : conversion from 'float' to 'int', possible loss of data
     1>c:\users\cusimanone1\documents\grove city college\fall 2014\comp 322 obj oriented adv prog\ants 4.0\antsim\antsim\ant.cpp(30): warning C4244: 'initializing' : conversion from 'float' to 'int', possible loss of data
     1>c:\users\cusimanone1\documents\grove city college\fall 2014\comp 322 obj oriented adv prog\ants 4.0\antsim\antsim\ant.cpp(32): warning C4244: 'initializing' : conversion from 'float' to 'int', possible loss of data
     1>c:\users\cusimanone1\documents\grove city college\fall 2014\comp 322 obj oriented adv prog\ants 4.0\antsim\antsim\ant.cpp(33): warning C4244: 'initializing' : conversion from 'float' to 'int', possible loss of data
     1>c:\users\cusimanone1\documents\grove city college\fall 2014\comp 322 obj oriented adv prog\ants 4.0\antsim\antsim\ant.cpp(45): warning C4244: '+=' : conversion from 'double' to 'float', possible loss of data
     1>c:\users\cusimanone1\documents\grove city college\fall 2014\comp 322 obj oriented adv prog\ants 4.0\antsim\antsim\ant.cpp(77): warning C4244: 'initializing' : conversion from 'float' to 'int', possible loss of data
     1>c:\users\cusimanone1\documents\grove city college\fall 2014\comp 322 obj oriented adv prog\ants 4.0\antsim\antsim\ant.cpp(78): warning C4244: 'initializing' : conversion from 'float' to 'int', possible loss of data
     1>c:\users\cusimanone1\documents\grove city college\fall 2014\comp 322 obj oriented adv prog\ants 4.0\antsim\antsim\ant.cpp(80): warning C4244: 'initializing' : conversion from 'float' to 'int', possible loss of data
     1>c:\users\cusimanone1\documents\grove city college\fall 2014\comp 322 obj oriented adv prog\ants 4.0\antsim\antsim\ant.cpp(81): warning C4244: 'initializing' : conversion from 'float' to 'int', possible loss of data
     1>c:\users\cusimanone1\documents\grove city college\fall 2014\comp 322 obj oriented adv prog\ants 4.0\antsim\antsim\ant.cpp(93): warning C4244: '+=' : conversion from 'double' to 'float', possible loss of data
     1>c:\users\cusimanone1\documents\grove city college\fall 2014\comp 322 obj oriented adv prog\ants 4.0\antsim\antsim\ant.cpp(125): warning C4244: 'initializing' : conversion from 'float' to 'int', possible loss of data
     1>c:\users\cusimanone1\documents\grove city college\fall 2014\comp 322 obj oriented adv prog\ants 4.0\antsim\antsim\ant.cpp(126): warning C4244: 'initializing' : conversion from 'float' to 'int', possible loss of data
     1>c:\users\cusimanone1\documents\grove city college\fall 2014\comp 322 obj oriented adv prog\ants 4.0\antsim\antsim\ant.cpp(128): warning C4244: 'initializing' : conversion from 'float' to 'int', possible loss of data
     1>c:\users\cusimanone1\documents\grove city college\fall 2014\comp 322 obj oriented adv prog\ants 4.0\antsim\antsim\ant.cpp(129): warning C4244: 'initializing' : conversion from 'float' to 'int', possible loss of data
     1>c:\users\cusimanone1\documents\grove city college\fall 2014\comp 322 obj oriented adv prog\ants 4.0\antsim\antsim\ant.cpp(141): warning C4244: '+=' : conversion from 'double' to 'float', possible loss of data
     1>c:\users\cusimanone1\documents\grove city college\fall 2014\comp 322 obj oriented adv prog\ants 4.0\antsim\antsim\ant.cpp(176): warning C4305: 'initializing' : truncation from '__int64' to 'float'
     1>c:\users\cusimanone1\documents\grove city college\fall 2014\comp 322 obj oriented adv prog\ants 4.0\antsim\antsim\ant.cpp(191): warning C4244: '=' : conversion from 'int' to 'float', possible loss of data
     1>c:\users\cusimanone1\documents\grove city college\fall 2014\comp 322 obj oriented adv prog\ants 4.0\antsim\antsim\ant.cpp(238): warning C4305: 'initializing' : truncation from '__int64' to 'float'
     1>c:\users\cusimanone1\documents\grove city college\fall 2014\comp 322 obj oriented adv prog\ants 4.0\antsim\antsim\ant.cpp(253): warning C4244: '=' : conversion from 'int' to 'float', possible loss of data
     1>c:\users\cusimanone1\documents\grove city college\fall 2014\comp 322 obj oriented adv prog\ants 4.0\antsim\antsim\ant.cpp(286): warning C4305: 'initializing' : truncation from '__int64' to 'float'
     1>c:\users\cusimanone1\documents\grove city college\fall 2014\comp 322 obj oriented adv prog\ants 4.0\antsim\antsim\ant.cpp(301): warning C4244: '=' : conversion from 'int' to 'float', possible loss of data
     1>c:\users\cusimanone1\documents\grove city college\fall 2014\comp 322 obj oriented adv prog\ants 4.0\antsim\antsim\ant.cpp(334): warning C4305: 'initializing' : truncation from '__int64' to 'float'
     1>c:\users\cusimanone1\documents\grove city college\fall 2014\comp 322 obj oriented adv prog\ants 4.0\antsim\antsim\ant.cpp(349): warning C4244: '=' : conversion from 'int' to 'float', possible loss of data
     1>c:\users\cusimanone1\documents\grove city college\fall 2014\comp 322 obj oriented adv prog\ants 4.0\antsim\antsim\ant.cpp(440): warning C4800: 'int' : forcing value to bool 'true' or 'false' (performance warning)
     1>c:\users\cusimanone1\documents\grove city college\fall 2014\comp 322 obj oriented adv prog\ants 4.0\antsim\antsim\ant.cpp(441): warning C4244: '=' : conversion from 'double' to 'float', possible loss of data
     1>c:\users\cusimanone1\documents\grove city college\fall 2014\comp 322 obj oriented adv prog\ants 4.0\antsim\antsim\ant.cpp(444): warning C4244: '=' : conversion from 'double' to 'float', possible loss of data
     1>c:\users\cusimanone1\documents\grove city college\fall 2014\comp 322 obj oriented adv prog\ants 4.0\antsim\antsim\ant.cpp(517): warning C4244: 'argument' : conversion from 'double' to 'int', possible loss of data
         Actor.cpp
     1>c:\users\cusimanone1\documents\grove city college\fall 2014\comp 322 obj oriented adv prog\ants 4.0\antsim\antsim\image.h(60): warning C4244: 'return' : conversion from 'float' to 'int', possible loss of data
     1>c:\users\cusimanone1\documents\grove city college\fall 2014\comp 322 obj oriented adv prog\ants 4.0\antsim\antsim\image.h(63): warning C4244: 'return' : conversion from 'float' to 'int', possible loss of data
     1>c:\users\cusimanone1\documents\grove city college\fall 2014\comp 322 obj oriented adv prog\ants 4.0\antsim\antsim\actor.cpp(46): warning C4244: '=' : conversion from 'int' to 'float', possible loss of data
         Generating Code...
       Link:
         C:\Program Files (x86)\Microsoft Visual Studio 11.0\VC\bin\link.exe /ERRORREPORT:PROMPT /OUT:"C:\Users\cusimanone1\Documents\Grove City College\Fall 2014\Comp 322 Obj Oriented Adv Prog\Ants 4.0\AntSim\ANTSIM\Debug\ANTSIM.exe" /NOLOGO /LIBPATH:"C:\Program Files (x86)\Microsoft DirectX SDK (June 2010)\\Lib\x86" d3d9.lib d3dx9.lib winmm.lib xinput.lib winmm.lib kernel32.lib user32.lib gdi32.lib winspool.lib comdlg32.lib advapi32.lib shell32.lib ole32.lib oleaut32.lib uuid.lib odbc32.lib odbccp32.lib /MANIFEST /MANIFESTUAC:"level='asInvoker' uiAccess='false'" /manifest:embed /DEBUG /PDB:"C:\Users\cusimanone1\Documents\Grove City College\Fall 2014\Comp 322 Obj Oriented Adv Prog\Ants 4.0\AntSim\ANTSIM\Debug\ANTSIM.pdb" /TLBID:1 /DYNAMICBASE /NXCOMPAT /IMPLIB:"C:\Users\cusimanone1\Documents\Grove City College\Fall 2014\Comp 322 Obj Oriented Adv Prog\Ants 4.0\AntSim\ANTSIM\Debug\ANTSIM.lib" /MACHINE:X86 /SAFESEH Debug\Actor.obj
         Debug\ant.obj
         Debug\antSim.obj
         Debug\audio.obj
         Debug\colony.obj
         Debug\constants.obj
         Debug\food.obj
         Debug\game.obj
         Debug\graphics.obj
         Debug\image.obj
         Debug\input.obj
         Debug\mouse.obj
         Debug\pheromone.obj
         Debug\Queen.obj
         Debug\textDX.obj
         Debug\textureManager.obj
         Debug\winmain.obj
     1>Actor.obj : warning LNK4075: ignoring '/EDITANDCONTINUE' due to '/SAFESEH' specification
         AntSim.vcxproj -> C:\Users\cusimanone1\Documents\Grove City College\Fall 2014\Comp 322 Obj Oriented Adv Prog\Ants 4.0\AntSim\ANTSIM\Debug\ANTSIM.exe
     1>Done Building Project "C:\Users\cusimanone1\Documents\Grove City College\Fall 2014\Comp 322 Obj Oriented Adv Prog\Ants 4.0\AntSim\ANTSIM\AntSim.vcxproj" (Build target(s)).

Build succeeded.

Time Elapsed 00:00:16.05
